<?xml version="1.0" encoding="UTF-8"?>
<!-- Generated by org.testng.reporters.JUnitXMLReporter -->
<testsuite ignored="0" hostname="santhoshkumar" failures="1" tests="1" name="Default test" time="7.566" errors="0" timestamp="2026-01-07T19:59:01 IST">
  <testcase classname="io.cucumber.testng.AbstractTestNGCucumberTests" name="runScenario" time="6.093">
    <failure type="java.lang.AssertionError" message="expected [ParaBank | Welcome | Online Banking] but found [https://parabank.parasoft.com/parabank/login.htm;jsessionid=41F6C4B717D339A6CF358665B5CA2477]">
      <![CDATA[java.lang.AssertionError: expected [ParaBank | Welcome | Online Banking] but found [https://parabank.parasoft.com/parabank/login.htm;jsessionid=41F6C4B717D339A6CF358665B5CA2477]
at org.testng.Assert.fail(Assert.java:111)
at org.testng.Assert.failNotEquals(Assert.java:1590)
at org.testng.Assert.assertEqualsImpl(Assert.java:150)
at org.testng.Assert.assertEquals(Assert.java:132)
at org.testng.Assert.assertEquals(Assert.java:656)
at org.testng.Assert.assertEquals(Assert.java:666)
at stepDefinitions.LoginStepDefinitions.loggedIn(LoginStepDefinitions.java:41)
at âœ½.user is able to login propery(file:///D:/eclipse-workspace/parabank-selenium-automation/src/test/resources/Features/Login.feature:6)
]]>
    </failure>
  </testcase> <!-- runScenario -->
</testsuite> <!-- Default test -->
