<?xml version="1.0" encoding="UTF-8"?>
<testng-results ignored="0" total="1" passed="1" failed="0" skipped="0">
  <reporter-output>
  </reporter-output>
  <suite started-at="2026-01-07T15:43:55 IST" name="Default suite" finished-at="2026-01-07T15:44:04 IST" duration-ms="9223">
    <groups>
      <group name="cucumber">
        <method signature="AbstractTestNGCucumberTests.runScenario(io.cucumber.testng.PickleWrapper,io.cucumber.testng.FeatureWrapper)[pri:0, instance:stepDefinitions.TestRunner@26b3fd41]" name="runScenario" class="io.cucumber.testng.AbstractTestNGCucumberTests"/>
      </group> <!-- cucumber -->
    </groups>
    <test started-at="2026-01-07T15:43:55 IST" name="Default test" finished-at="2026-01-07T15:44:04 IST" duration-ms="9223">
      <class name="stepDefinitions.TestRunner">
        <test-method is-config="true" signature="setUpClass(org.testng.ITestContext)[pri:0, instance:stepDefinitions.TestRunner@26b3fd41]" started-at="2026-01-07T15:43:55 IST" name="setUpClass" finished-at="2026-01-07T15:43:56 IST" duration-ms="1179" status="PASS">
          <params>
            <param index="0">
              <value>
                <![CDATA[org.testng.TestRunner@46c3a14d]]>
              </value>
            </param>
          </params>
          <reporter-output>
          </reporter-output>
        </test-method> <!-- setUpClass -->
        <test-method signature="runScenario(io.cucumber.testng.PickleWrapper,io.cucumber.testng.FeatureWrapper)[pri:0, instance:stepDefinitions.TestRunner@26b3fd41]" started-at="2026-01-07T15:43:56 IST" name="runScenario" description="Runs Cucumber Scenarios" data-provider="scenarios" finished-at="2026-01-07T15:44:04 IST" duration-ms="7890" status="PASS">
          <params>
            <param index="0">
              <value>
                <![CDATA["check user can able to register"]]>
              </value>
            </param>
            <param index="1">
              <value>
                <![CDATA["test the feature file"]]>
              </value>
            </param>
          </params>
          <reporter-output>
          </reporter-output>
        </test-method> <!-- runScenario -->
        <test-method is-config="true" signature="tearDownClass()[pri:0, instance:stepDefinitions.TestRunner@26b3fd41]" started-at="2026-01-07T15:44:04 IST" name="tearDownClass" finished-at="2026-01-07T15:44:04 IST" duration-ms="67" status="PASS">
          <reporter-output>
          </reporter-output>
        </test-method> <!-- tearDownClass -->
      </class> <!-- stepDefinitions.TestRunner -->
    </test> <!-- Default test -->
  </suite> <!-- Default suite -->
</testng-results>
