<?xml version="1.0" encoding="UTF-8"?>
<testng-results ignored="0" total="1" passed="0" failed="1" skipped="0">
  <reporter-output>
  </reporter-output>
  <suite started-at="2026-01-07T19:58:54 IST" name="Default suite" finished-at="2026-01-07T19:59:01 IST" duration-ms="7566">
    <groups>
      <group name="cucumber">
        <method signature="AbstractTestNGCucumberTests.runScenario(io.cucumber.testng.PickleWrapper,io.cucumber.testng.FeatureWrapper)[pri:0, instance:stepDefinitions.TestRunner@1757cd72]" name="runScenario" class="io.cucumber.testng.AbstractTestNGCucumberTests"/>
      </group> <!-- cucumber -->
    </groups>
    <test started-at="2026-01-07T19:58:54 IST" name="Default test" finished-at="2026-01-07T19:59:01 IST" duration-ms="7566">
      <class name="stepDefinitions.TestRunner">
        <test-method is-config="true" signature="setUpClass(org.testng.ITestContext)[pri:0, instance:stepDefinitions.TestRunner@1757cd72]" started-at="2026-01-07T19:58:54 IST" name="setUpClass" finished-at="2026-01-07T19:58:55 IST" duration-ms="1289" status="PASS">
          <params>
            <param index="0">
              <value>
                <![CDATA[org.testng.TestRunner@5017e1]]>
              </value>
            </param>
          </params>
          <reporter-output>
          </reporter-output>
        </test-method> <!-- setUpClass -->
        <test-method signature="runScenario(io.cucumber.testng.PickleWrapper,io.cucumber.testng.FeatureWrapper)[pri:0, instance:stepDefinitions.TestRunner@1757cd72]" started-at="2026-01-07T19:58:55 IST" name="runScenario" description="Runs Cucumber Scenarios" data-provider="scenarios" finished-at="2026-01-07T19:59:01 IST" duration-ms="6093" status="FAIL">
          <params>
            <param index="0">
              <value>
                <![CDATA["Check login is successfull after registration"]]>
              </value>
            </param>
            <param index="1">
              <value>
                <![CDATA["login to the parabank using the credentials"]]>
              </value>
            </param>
          </params>
          <exception class="java.lang.AssertionError">
            <message>
              <![CDATA[expected [ParaBank | Welcome | Online Banking] but found [https://parabank.parasoft.com/parabank/login.htm;jsessionid=41F6C4B717D339A6CF358665B5CA2477]]]>
            </message>
            <full-stacktrace>
              <![CDATA[java.lang.AssertionError: expected [ParaBank | Welcome | Online Banking] but found [https://parabank.parasoft.com/parabank/login.htm;jsessionid=41F6C4B717D339A6CF358665B5CA2477]
at org.testng.Assert.fail(Assert.java:111)
at org.testng.Assert.failNotEquals(Assert.java:1590)
at org.testng.Assert.assertEqualsImpl(Assert.java:150)
at org.testng.Assert.assertEquals(Assert.java:132)
at org.testng.Assert.assertEquals(Assert.java:656)
at org.testng.Assert.assertEquals(Assert.java:666)
at stepDefinitions.LoginStepDefinitions.loggedIn(LoginStepDefinitions.java:41)
at âœ½.user is able to login propery(file:///D:/eclipse-workspace/parabank-selenium-automation/src/test/resources/Features/Login.feature:6)
]]>
            </full-stacktrace>
          </exception> <!-- java.lang.AssertionError -->
          <reporter-output>
          </reporter-output>
        </test-method> <!-- runScenario -->
        <test-method is-config="true" signature="tearDownClass()[pri:0, instance:stepDefinitions.TestRunner@1757cd72]" started-at="2026-01-07T19:59:01 IST" name="tearDownClass" finished-at="2026-01-07T19:59:01 IST" duration-ms="76" status="PASS">
          <reporter-output>
          </reporter-output>
        </test-method> <!-- tearDownClass -->
      </class> <!-- stepDefinitions.TestRunner -->
    </test> <!-- Default test -->
  </suite> <!-- Default suite -->
</testng-results>
